<?xml version="1.0" encoding="UTF-8"?>
<!-- Generated by org.testng.reporters.JUnitXMLReporter -->
<testsuite hostname="emil-desktop" ignored="17" tests="0" failures="0" timestamp="25 kwi 2018 10:16:51 GMT" time="2.921" errors="0">
  <testcase name="RegisterWithoutEmail" time="0.0" classname="olx.BaseClass">
    <ignored/>
  </testcase> <!-- RegisterWithoutEmail -->
  <testcase name="RegisterWithoutPass" time="0.0" classname="olx.BaseClass">
    <ignored/>
  </testcase> <!-- RegisterWithoutPass -->
  <testcase name="LoginWithoutEmail" time="0.0" classname="olx.BaseClass">
    <ignored/>
  </testcase> <!-- LoginWithoutEmail -->
  <testcase name="RegisterSucces" time="0.0" classname="olx.BaseClass">
    <ignored/>
  </testcase> <!-- RegisterSucces -->
  <testcase name="RegisterWithoutAcceptTerms" time="0.0" classname="olx.BaseClass">
    <ignored/>
  </testcase> <!-- RegisterWithoutAcceptTerms -->
  <testcase name="RegisterWithWrongPass" time="0.0" classname="olx.BaseClass">
    <ignored/>
  </testcase> <!-- RegisterWithWrongPass -->
  <testcase name="ResetPassword" time="0.0" classname="olx.BaseClass">
    <ignored/>
  </testcase> <!-- ResetPassword -->
  <testcase name="RegisterWithNewsLetter" time="0.0" classname="olx.BaseClass">
    <ignored/>
  </testcase> <!-- RegisterWithNewsLetter -->
  <testcase name="LoginWithWrongPass" time="0.0" classname="olx.BaseClass">
    <ignored/>
  </testcase> <!-- LoginWithWrongPass -->
  <testcase name="LoginWithoutPass" time="0.0" classname="olx.BaseClass">
    <ignored/>
  </testcase> <!-- LoginWithoutPass -->
  <testcase name="ResetPasswordWithoutEmail" time="0.0" classname="olx.BaseClass">
    <ignored/>
  </testcase> <!-- ResetPasswordWithoutEmail -->
  <testcase name="RegisterWithWrongEmailFormat" time="0.0" classname="olx.BaseClass">
    <ignored/>
  </testcase> <!-- RegisterWithWrongEmailFormat -->
  <testcase name="RegisterAlreadyExistedUser" time="0.0" classname="olx.BaseClass">
    <ignored/>
  </testcase> <!-- RegisterAlreadyExistedUser -->
  <testcase name="LoginSuccess" time="0.0" classname="olx.BaseClass">
    <ignored/>
  </testcase> <!-- LoginSuccess -->
  <testcase name="LoginWithWrongEmail" time="0.0" classname="olx.BaseClass">
    <ignored/>
  </testcase> <!-- LoginWithWrongEmail -->
  <testcase name="ResetPasswordWithShortPAss" time="0.0" classname="olx.BaseClass">
    <ignored/>
  </testcase> <!-- ResetPasswordWithShortPAss -->
  <testcase name="ResetPasswordWithouNewPass" time="0.0" classname="olx.BaseClass">
    <ignored/>
  </testcase> <!-- ResetPasswordWithouNewPass -->
</testsuite>
