<?xml version="1.0" encoding="UTF-8"?>
<!-- Generated by org.testng.reporters.JUnitXMLReporter -->
<testsuite hostname="emil-desktop" ignored="0" name="Test" tests="18" failures="1" timestamp="26 kwi 2018 10:48:09 GMT" time="149.017" errors="0">
  <testcase name="LoginSuccess on [BaseClass passed=0 failed=0 skipped=0]" time="6.008" classname="olx.BaseClass"/>
  <testcase name="LoginWithWrongEmail on [BaseClass passed=0 failed=0 skipped=0]" time="4.497" classname="olx.BaseClass"/>
  <testcase name="LoginWithoutEmail on [BaseClass passed=0 failed=0 skipped=0]" time="2.76" classname="olx.BaseClass"/>
  <testcase name="RegisterSucces on [BaseClass passed=0 failed=0 skipped=0]" time="5.072" classname="olx.BaseClass"/>
  <testcase name="RegisterWithoutAcceptTerms on [BaseClass passed=0 failed=0 skipped=0]" time="2.638" classname="olx.BaseClass"/>
  <testcase name="RegisterWithoutEmail on [BaseClass passed=0 failed=0 skipped=0]" time="2.967" classname="olx.BaseClass"/>
  <testcase name="RegisterWithoutPass on [BaseClass passed=0 failed=0 skipped=0]" time="2.794" classname="olx.BaseClass"/>
  <testcase name="ResetPasswordWithShortPAss on [BaseClass passed=0 failed=0 skipped=0]" time="3.309" classname="olx.BaseClass"/>
  <testcase name="ResetPasswordWithouNewPass on [BaseClass passed=0 failed=0 skipped=0]" time="3.91" classname="olx.BaseClass"/>
  <testcase name="LoginWithWrongPass on [BaseClass passed=0 failed=0 skipped=0]" time="4.015" classname="olx.BaseClass"/>
  <testcase name="LoginWithoutPass on [BaseClass passed=0 failed=0 skipped=0]" time="3.826" classname="olx.BaseClass"/>
  <testcase name="RegisterAlreadyExistedUser on [BaseClass passed=0 failed=0 skipped=0]" time="5.098" classname="olx.BaseClass"/>
  <testcase name="RegisterWithNewsLetter on [BaseClass passed=0 failed=0 skipped=0]" time="5.518" classname="olx.BaseClass"/>
  <testcase name="RegisterWithWrongEmailFormat on [BaseClass passed=0 failed=0 skipped=0]" time="3.158" classname="olx.BaseClass"/>
  <testcase name="RegisterWithWrongPass on [BaseClass passed=0 failed=0 skipped=0]" time="2.958" classname="olx.BaseClass"/>
  <testcase name="ResetPassword on [BaseClass passed=0 failed=0 skipped=0]" time="7.245" classname="olx.BaseClass"/>
  <testcase name="ResetPasswordWithoutEmail on [BaseClass passed=0 failed=0 skipped=0]" time="3.369" classname="olx.BaseClass"/>
  <testcase name="LogOutTest on [BaseClass passed=0 failed=0 skipped=0]" time="32.438" classname="olx.BaseClass">
    <failure type="org.openqa.selenium.TimeoutException" message="Expected condition failed: waiting for element to be clickable: Proxy element for: DefaultElementLocator &amp;apos;By.id: login-box-logout&amp;apos; (tried for 30 second(s) with 2000 milliseconds interval)">
      <![CDATA[org.openqa.selenium.TimeoutException: Expected condition failed: waiting for element to be clickable: Proxy element for: DefaultElementLocator 'By.id: login-box-logout' (tried for 30 second(s) with 2000 milliseconds interval)
	at org.openqa.selenium.support.ui.FluentWait.timeoutException(FluentWait.java:304)
	at org.openqa.selenium.support.ui.FluentWait.until(FluentWait.java:272)
	at olx.TestMethods.waitForIt(TestMethods.java:40)
	at olx.LoginTests.LoginPage.LogOut(LoginPage.java:26)
	at olx.BaseClass.LogOutTest(BaseClass.java:172)
Caused by: org.openqa.selenium.NoSuchElementException: Unable to locate element: #login\-box\-logout
For documentation on this error, please visit: http://seleniumhq.org/exceptions/no_such_element.html
Build info: version: '3.10.0', revision: '176b4a9', time: '2018-03-02T19:03:16.397Z'
System info: host: 'emil-desktop', ip: '127.0.1.1', os.name: 'Linux', os.arch: 'amd64', os.version: '4.13.0-39-generic', java.version: '1.8.0_161'
Driver info: org.openqa.selenium.firefox.FirefoxDriver
Capabilities {acceptInsecureCerts: true, browserName: firefox, browserVersion: 59.0.2, javascriptEnabled: true, moz:accessibilityChecks: false, moz:headless: false, moz:processID: 20906, moz:profile: /tmp/rust_mozprofile.2Cz81e..., moz:useNonSpecCompliantPointerOrigin: false, moz:webdriverClick: true, pageLoadStrategy: normal, platform: LINUX, platformName: LINUX, platformVersion: 4.13.0-39-generic, rotatable: false, timeouts: {implicit: 0, pageLoad: 300000, script: 30000}}
Session ID: efad3c33-8cb4-4306-9d27-bebbece7d47c
*** Element info: {Using=id, value=login-box-logout}
	at org.openqa.selenium.remote.http.W3CHttpResponseCodec.createException(W3CHttpResponseCodec.java:187)
	at org.openqa.selenium.remote.http.W3CHttpResponseCodec.decode(W3CHttpResponseCodec.java:122)
	at org.openqa.selenium.remote.http.W3CHttpResponseCodec.decode(W3CHttpResponseCodec.java:49)
	at org.openqa.selenium.remote.HttpCommandExecutor.execute(HttpCommandExecutor.java:160)
	at org.openqa.selenium.remote.service.DriverCommandExecutor.execute(DriverCommandExecutor.java:83)
	at org.openqa.selenium.remote.RemoteWebDriver.execute(RemoteWebDriver.java:601)
	at org.openqa.selenium.remote.RemoteWebDriver.findElement(RemoteWebDriver.java:371)
	at org.openqa.selenium.remote.RemoteWebDriver.findElementById(RemoteWebDriver.java:417)
	at org.openqa.selenium.By$ById.findElement(By.java:218)
	at org.openqa.selenium.remote.RemoteWebDriver.findElement(RemoteWebDriver.java:363)
	at org.openqa.selenium.support.pagefactory.DefaultElementLocator.findElement(DefaultElementLocator.java:69)
	at org.openqa.selenium.support.pagefactory.internal.LocatingElementHandler.invoke(LocatingElementHandler.java:38)
	at com.sun.proxy.$Proxy10.isDisplayed(Unknown Source)
	at org.openqa.selenium.support.ui.ExpectedConditions.elementIfVisible(ExpectedConditions.java:315)
	at org.openqa.selenium.support.ui.ExpectedConditions.access$100(ExpectedConditions.java:44)
	at org.openqa.selenium.support.ui.ExpectedConditions$10.apply(ExpectedConditions.java:301)
	at org.openqa.selenium.support.ui.ExpectedConditions$10.apply(ExpectedConditions.java:298)
	at org.openqa.selenium.support.ui.ExpectedConditions$23.apply(ExpectedConditions.java:686)
	at org.openqa.selenium.support.ui.ExpectedConditions$23.apply(ExpectedConditions.java:682)
	at org.openqa.selenium.support.ui.FluentWait.until(FluentWait.java:249)
	... 27 more
... Removed 27 stack frames]]>
    </failure>
  </testcase> <!-- LogOutTest on [BaseClass passed=0 failed=0 skipped=0] -->
</testsuite> <!-- Test -->
