<?xml version="1.0" encoding="UTF-8"?>
<!-- Generated by org.testng.reporters.JUnitXMLReporter -->
<testsuite hostname="emil-desktop" ignored="12" name="Test" tests="5" failures="0" timestamp="25 kwi 2018 10:22:51 GMT" time="43.259" errors="0">
  <testcase name="RegisterSucces" time="5.02" classname="olx.BaseClass"/>
  <testcase name="ResetPassword" time="4.989" classname="olx.BaseClass"/>
  <testcase name="ResetPasswordWithShortPAss" time="2.651" classname="olx.BaseClass"/>
  <testcase name="ResetPasswordWithouNewPass" time="2.643" classname="olx.BaseClass"/>
  <testcase name="ResetPasswordWithoutEmail" time="3.071" classname="olx.BaseClass"/>
  <testcase name="RegisterWithWrongPass" time="0.0" classname="olx.BaseClass">
    <ignored/>
  </testcase> <!-- RegisterWithWrongPass -->
  <testcase name="RegisterWithNewsLetter" time="0.0" classname="olx.BaseClass">
    <ignored/>
  </testcase> <!-- RegisterWithNewsLetter -->
  <testcase name="RegisterWithoutEmail" time="0.0" classname="olx.BaseClass">
    <ignored/>
  </testcase> <!-- RegisterWithoutEmail -->
  <testcase name="LoginWithWrongPass" time="0.0" classname="olx.BaseClass">
    <ignored/>
  </testcase> <!-- LoginWithWrongPass -->
  <testcase name="LoginWithoutPass" time="0.0" classname="olx.BaseClass">
    <ignored/>
  </testcase> <!-- LoginWithoutPass -->
  <testcase name="RegisterWithWrongEmailFormat" time="0.0" classname="olx.BaseClass">
    <ignored/>
  </testcase> <!-- RegisterWithWrongEmailFormat -->
  <testcase name="RegisterWithoutPass" time="0.0" classname="olx.BaseClass">
    <ignored/>
  </testcase> <!-- RegisterWithoutPass -->
  <testcase name="RegisterAlreadyExistedUser" time="0.0" classname="olx.BaseClass">
    <ignored/>
  </testcase> <!-- RegisterAlreadyExistedUser -->
  <testcase name="LoginWithoutEmail" time="0.0" classname="olx.BaseClass">
    <ignored/>
  </testcase> <!-- LoginWithoutEmail -->
  <testcase name="LoginSuccess" time="0.0" classname="olx.BaseClass">
    <ignored/>
  </testcase> <!-- LoginSuccess -->
  <testcase name="LoginWithWrongEmail" time="0.0" classname="olx.BaseClass">
    <ignored/>
  </testcase> <!-- LoginWithWrongEmail -->
  <testcase name="RegisterWithoutAcceptTerms" time="0.0" classname="olx.BaseClass">
    <ignored/>
  </testcase> <!-- RegisterWithoutAcceptTerms -->
</testsuite> <!-- Test -->
